INFO:     Will watch for changes in these directories: ['/Users/premanthati/Desktop/Hackathon/backend']
INFO:     Uvicorn running on http://127.0.0.1:8000 (Press CTRL+C to quit)
INFO:     Started reloader process [407] using WatchFiles
INFO:     Started server process [409]
INFO:     Waiting for application startup.
INFO:     Application startup complete.
INFO:     127.0.0.1:53783 - "POST /chat HTTP/1.1" 200 OK
WARNING:  WatchFiles detected changes in 'services/chat_triage.py'. Reloading...
INFO:     Shutting down
INFO:     Waiting for application shutdown.
INFO:     Application shutdown complete.
INFO:     Finished server process [409]
INFO:     Started server process [848]
INFO:     Waiting for application startup.
INFO:     Application startup complete.
INFO:     Shutting down
INFO:     Waiting for application shutdown.
INFO:     Application shutdown complete.
INFO:     Finished server process [848]
INFO:     Stopping reloader process [407]
